<?xml version="1.0" encoding="UTF-8"?>
<testsuites>
  <testsuite name="fastlane.lanes">
    
    
    
      
      <testcase classname="fastlane.lanes" name="0: default_platform" time="0.000369">
        
      </testcase>
    
      
      <testcase classname="fastlane.lanes" name="1: Switch to ios generate lane" time="0.000441">
        
      </testcase>
    
      
      <testcase classname="fastlane.lanes" name="2: cd .. &amp;&amp; tuist generate" time="1.236723">
        
      </testcase>
    
      
      <testcase classname="fastlane.lanes" name="3: xcodebuild -workspace ../Twix.xcworkspace -list" time="0.703133">
        
      </testcase>
    
      
      <testcase classname="fastlane.lanes" name="4: Switch to ios lint lane" time="0.000133">
        
      </testcase>
    
      
      <testcase classname="fastlane.lanes" name="5: cd .. &amp;&amp; swiftlint lint --config .swiftlint.yml --strict" time="0.446013">
        
          <failure message="/Users/jiyong/.rvm/gems/ruby-3.3.5/gems/fastlane-2.230.0/fastlane/lib/fastlane/actions/actions_helper.rb:67:in `execute_action&apos;&#10;/Users/jiyong/.rvm/gems/ruby-3.3.5/gems/fastlane-2.230.0/fastlane/lib/fastlane/fast_file.rb:224:in `sh&apos;&#10;/Users/jiyong/.rvm/gems/ruby-3.3.5/gems/fastlane-2.230.0/fastlane/lib/fastlane/fast_file.rb:216:in `sh&apos;&#10;Fastfile:151:in `block (2 levels) in parsing_binding&apos;&#10;/Users/jiyong/.rvm/gems/ruby-3.3.5/gems/fastlane-2.230.0/fastlane/lib/fastlane/lane.rb:41:in `call&apos;&#10;/Users/jiyong/.rvm/gems/ruby-3.3.5/gems/fastlane-2.230.0/fastlane/lib/fastlane/runner.rb:204:in `try_switch_to_lane&apos;&#10;/Users/jiyong/.rvm/gems/ruby-3.3.5/gems/fastlane-2.230.0/fastlane/lib/fastlane/runner.rb:146:in `trigger_action_by_name&apos;&#10;/Users/jiyong/.rvm/gems/ruby-3.3.5/gems/fastlane-2.230.0/fastlane/lib/fastlane/fast_file.rb:159:in `method_missing&apos;&#10;Fastfile:158:in `block (2 levels) in parsing_binding&apos;&#10;/Users/jiyong/.rvm/gems/ruby-3.3.5/gems/fastlane-2.230.0/fastlane/lib/fastlane/lane.rb:41:in `call&apos;&#10;/Users/jiyong/.rvm/gems/ruby-3.3.5/gems/fastlane-2.230.0/fastlane/lib/fastlane/runner.rb:49:in `block in execute&apos;&#10;/Users/jiyong/.rvm/gems/ruby-3.3.5/gems/fastlane-2.230.0/fastlane/lib/fastlane/runner.rb:45:in `chdir&apos;&#10;/Users/jiyong/.rvm/gems/ruby-3.3.5/gems/fastlane-2.230.0/fastlane/lib/fastlane/runner.rb:45:in `execute&apos;&#10;/Users/jiyong/.rvm/gems/ruby-3.3.5/gems/fastlane-2.230.0/fastlane/lib/fastlane/lane_manager.rb:46:in `cruise_lane&apos;&#10;/Users/jiyong/.rvm/gems/ruby-3.3.5/gems/fastlane-2.230.0/fastlane/lib/fastlane/command_line_handler.rb:34:in `handle&apos;&#10;/Users/jiyong/.rvm/gems/ruby-3.3.5/gems/fastlane-2.230.0/fastlane/lib/fastlane/commands_generator.rb:110:in `block (2 levels) in run&apos;&#10;/Users/jiyong/.rvm/gems/ruby-3.3.5/gems/commander-4.6.0/lib/commander/command.rb:187:in `call&apos;&#10;/Users/jiyong/.rvm/gems/ruby-3.3.5/gems/commander-4.6.0/lib/commander/command.rb:157:in `run&apos;&#10;/Users/jiyong/.rvm/gems/ruby-3.3.5/gems/commander-4.6.0/lib/commander/runner.rb:444:in `run_active_command&apos;&#10;/Users/jiyong/.rvm/gems/ruby-3.3.5/gems/fastlane-2.230.0/fastlane_core/lib/fastlane_core/ui/fastlane_runner.rb:124:in `run!&apos;&#10;/Users/jiyong/.rvm/gems/ruby-3.3.5/gems/commander-4.6.0/lib/commander/delegates.rb:18:in `run!&apos;&#10;/Users/jiyong/.rvm/gems/ruby-3.3.5/gems/fastlane-2.230.0/fastlane/lib/fastlane/commands_generator.rb:363:in `run&apos;&#10;/Users/jiyong/.rvm/gems/ruby-3.3.5/gems/fastlane-2.230.0/fastlane/lib/fastlane/commands_generator.rb:43:in `start&apos;&#10;/Users/jiyong/.rvm/gems/ruby-3.3.5/gems/fastlane-2.230.0/fastlane/lib/fastlane/cli_tools_distributor.rb:123:in `take_off&apos;&#10;/Users/jiyong/.rvm/gems/ruby-3.3.5/gems/fastlane-2.230.0/bin/fastlane:23:in `&lt;top (required)&gt;&apos;&#10;/Users/jiyong/.rvm/gems/ruby-3.3.5/bin/fastlane:25:in `load&apos;&#10;/Users/jiyong/.rvm/gems/ruby-3.3.5/bin/fastlane:25:in `&lt;main&gt;&apos;&#10;/Users/jiyong/.rvm/gems/ruby-3.3.5/bin/ruby_executable_hooks:22:in `eval&apos;&#10;/Users/jiyong/.rvm/gems/ruby-3.3.5/bin/ruby_executable_hooks:22:in `&lt;main&gt;&apos;&#10;&#10;Exit status of command &apos;cd .. &amp;&amp; swiftlint lint --config .swiftlint.yml --strict&apos; was 2 instead of 0.&#10;Linting Swift files in current working directory&#10;Linting &apos;Tuist.swift&apos; (1/19)&#10;Linting &apos;Projects/Core/Network/Testing/Sources/Source.swift&apos; (2/19)&#10;Linting &apos;Projects/Core/Network/Interface/Sources/Source.swift&apos; (3/19)&#10;Linting &apos;TwixTests.swift&apos; (4/19)&#10;Linting &apos;ContentView.swift&apos; (6/19)&#10;Linting &apos;TwixApp.swift&apos; (5/19)&#10;Linting &apos;Projects/Core/Network/Tests/Sources/Source.swift&apos; (7/19)&#10;Linting &apos;Projects/Shared/DesignSystem/Sources/Source.swift&apos; (8/19)&#10;Linting &apos;AppView.swift&apos; (9/19)&#10;Linting &apos;Projects/Core/Network/Sources/Source.swift&apos; (10/19)&#10;/Users/jiyong/XcodeProjects/27th-App-Team-3-iOS/Projects/Core/Network/Sources/Source.swift:8:4: error: Todo Violation: FIXMEs should be resolved (Remove Or Edit) (todo)&#10;/Users/jiyong/XcodeProjects/27th-App-Team-3-iOS/Tuist.swift:3:5: error: Explicit Type Interface Violation: Properties should have a type interface (explicit_type_interface)&#10;/Users/jiyong/XcodeProjects/27th-App-Team-3-iOS/Projects/Core/Network/Tests/Sources/Source.swift:8:4: error: Todo Violation: FIXMEs should be resolved (Remove Or Edit) (todo)&#10;/Users/jiyong/XcodeProjects/27th-App-Team-3-iOS/Projects/Core/Network/Interface/Sources/Source.swift:8:4: error: Todo Violation: FIXMEs should be resolved (Remove Or Edit) (todo)&#10;/Users/jiyong/XcodeProjects/27th-App-Team-3-iOS/Projects/Shared/DesignSystem/Sources/Source.swift:8:4: error: Todo Violation: FIXMEs should be resolved (Remove Or Edit) (todo)&#10;/Users/jiyong/XcodeProjects/27th-App-Team-3-iOS/Projects/App/Tests/TwixTests.swift:6:11: error: Attributes Violation: Attributes should be on their own lines in functions and types, but on the same line as variables and imports (attributes)&#10;/Users/jiyong/XcodeProjects/27th-App-Team-3-iOS/Projects/App/Tests/TwixTests.swift:9:1: error: Vertical Whitespace before Closing Braces Violation: Don&apos;t include vertical whitespace (empty line) before closing braces (vertical_whitespace_closing_braces)&#10;Linting &apos;Projects/Feature/Onboarding/Interface/Sources/Source.swift&apos; (11/19)&#10;Linting &apos;Projects/Feature/Onboarding/Tests/Sources/Source.swift&apos; (12/19)&#10;Linting &apos;Projects/Feature/Onboarding/Testing/Sources/Source.swift&apos; (13/19)&#10;/Users/jiyong/XcodeProjects/27th-App-Team-3-iOS/Projects/Core/Network/Testing/Sources/Source.swift:8:4: error: Todo Violation: FIXMEs should be resolved (Remove Or Edit) (todo)&#10;/Users/jiyong/XcodeProjects/27th-App-Team-3-iOS/Projects/App/Sources/ContentView.swift:4:19: error: No Empty Block Violation: Code blocks should contain at least one statement or comment (no_empty_block)&#10;/Users/jiyong/XcodeProjects/27th-App-Team-3-iOS/Projects/App/Sources/ContentView.swift:4:12: error: Type Contents Order Violation: An &apos;initializer&apos; should not be placed amongst the type content(s) &apos;instance_property&apos; (type_contents_order)&#10;/Users/jiyong/XcodeProjects/27th-App-Team-3-iOS/Projects/App/Sources/ContentView.swift:12:1: error: Vertical Whitespace Violation: Limit vertical whitespace to a single empty line; currently 2 (vertical_whitespace)&#10;Linting &apos;Projects/Domain/Auth/Interface/Sources/Source.swift&apos; (15/19)&#10;Linting &apos;Projects/Feature/Onboarding/Sources/Source.swift&apos; (14/19)&#10;Linting &apos;Workspace.swift&apos; (16/19)&#10;/Users/jiyong/XcodeProjects/27th-App-Team-3-iOS/Projects/Feature/Onboarding/Testing/Sources/Source.swift:8:4: error: Todo Violation: FIXMEs should be resolved (Remove Or Edit) (todo)&#10;/Users/jiyong/XcodeProjects/27th-App-Team-3-iOS/Projects/Domain/Auth/Interface/Sources/Source.swift:8:4: error: Todo Violation: FIXMEs should be resolved (Remove Or Edit) (todo)&#10;Linting &apos;Projects/Domain/Auth/Tests/Sources/Source.swift&apos; (17/19)&#10;Linting &apos;Projects/Domain/Auth/Testing/Sources/Source.swift&apos; (18/19)&#10;/Users/jiyong/XcodeProjects/27th-App-Team-3-iOS/Projects/Feature/Onboarding/Sources/Source.swift:8:4: error: Todo Violation: FIXMEs should be resolved (Remove Or Edit) (todo)&#10;/Users/jiyong/XcodeProjects/27th-App-Team-3-iOS/Workspace.swift:3:5: error: Explicit Type Interface Violation: Properties should have a type interface (explicit_type_interface)&#10;/Users/jiyong/XcodeProjects/27th-App-Team-3-iOS/Projects/Feature/Onboarding/Interface/Sources/Source.swift:8:4: error: Todo Violation: FIXMEs should be resolved (Remove Or Edit) (todo)&#10;Linting &apos;Projects/Domain/Auth/Sources/Source.swift&apos; (19/19)&#10;/Users/jiyong/XcodeProjects/27th-App-Team-3-iOS/Projects/Domain/Auth/Tests/Sources/Source.swift:8:4: error: Todo Violation: FIXMEs should be resolved (Remove Or Edit) (todo)&#10;/Users/jiyong/XcodeProjects/27th-App-Team-3-iOS/Projects/Domain/Auth/Testing/Sources/Source.swift:8:4: error: Todo Violation: FIXMEs should be resolved (Remove Or Edit) (todo)&#10;/Users/jiyong/XcodeProjects/27th-App-Team-3-iOS/Projects/Domain/Auth/Sources/Source.swift:8:4: error: Todo Violation: FIXMEs should be resolved (Remove Or Edit) (todo)&#10;/Users/jiyong/XcodeProjects/27th-App-Team-3-iOS/Projects/Feature/Onboarding/Tests/Sources/Source.swift:8:4: error: Todo Violation: FIXMEs should be resolved (Remove Or Edit) (todo)&#10;Done linting! Found 20 violations, 20 serious in 19 files.&#10;" />
        
      </testcase>
    
  </testsuite>
</testsuites>
